This file contains any messages produced by compilers while
running configure, to aid debugging if configure makes a mistake.

It was created by GNU Awk Bundled Extensions configure 4.2.0, which was
generated by GNU Autoconf 2.69.  Invocation command line was

  $ ./configure --disable-option-checking --prefix=/usr/local --cache-file=/dev/null --srcdir=.

## --------- ##
## Platform. ##
## --------- ##

hostname = Eriks-MBP.lan
uname -m = x86_64
uname -r = 18.0.0
uname -s = Darwin
uname -v = Darwin Kernel Version 18.0.0: Wed Aug 22 20:13:40 PDT 2018; root:xnu-4903.201.2~1/RELEASE_X86_64

/usr/bin/uname -p = i386
/bin/uname -X     = unknown

/bin/arch              = unknown
/usr/bin/arch -k       = unknown
/usr/convex/getsysinfo = unknown
/usr/bin/hostinfo      = Mach kernel version:
	 Darwin Kernel Version 18.0.0: Wed Aug 22 20:13:40 PDT 2018; root:xnu-4903.201.2~1/RELEASE_X86_64
Kernel configured for up to 4 processors.
2 processors are physically available.
4 processors are logically available.
Processor type: x86_64h (Intel x86-64h Haswell)
Processors active: 0 1 2 3
Primary memory available: 8.00 gigabytes
Default processor set: 431 tasks, 2266 threads, 4 processors
Load average: 2.87, Mach factor: 1.11
/bin/machine           = unknown
/usr/bin/oslevel       = unknown
/bin/universe          = unknown

PATH: /usr/local/bin
PATH: /Users/erikleffler1/tools/
PATH: /Applications/MATLAB_R2017b.app/bin/
PATH: /usr/local/bin
PATH: /usr/bin
PATH: /bin
PATH: /usr/sbin
PATH: /sbin
PATH: /Library/TeX/texbin
PATH: /Applications/Wireshark.app/Contents/MacOS
PATH: /Users/erikleffler1/tools/
PATH: /Applications/MATLAB_R2017b.app/bin/


## ----------- ##
## Core tests. ##
## ----------- ##

configure:2406: checking for gcc
configure:2422: found /usr/bin/gcc
configure:2433: result: gcc
configure:2662: checking for C compiler version
configure:2671: gcc --version >&5
Apple LLVM version 10.0.0 (clang-1000.10.44.4)
Target: x86_64-apple-darwin18.0.0
Thread model: posix
InstalledDir: /Library/Developer/CommandLineTools/usr/bin
Configured with: --prefix=/Library/Developer/CommandLineTools/usr --with-gxx-include-dir=/Library/Developer/CommandLineTools/SDKs/MacOSX10.14.sdk/usr/include/c++/4.2.1
configure:2682: $? = 0
configure:2671: gcc -v >&5
Configured with: --prefix=/Library/Developer/CommandLineTools/usr --with-gxx-include-dir=/Library/Developer/CommandLineTools/SDKs/MacOSX10.14.sdk/usr/include/c++/4.2.1
Apple LLVM version 10.0.0 (clang-1000.10.44.4)
Target: x86_64-apple-darwin18.0.0
Thread model: posix
InstalledDir: /Library/Developer/CommandLineTools/usr/bin
configure:2682: $? = 0
configure:2671: gcc -V >&5
clang: error: argument to '-V' is missing (expected 1 value)
clang: error: no input files
configure:2682: $? = 1
configure:2671: gcc -qversion >&5
clang: error: unknown argument: '-qversion'
clang: error: no input files
configure:2682: $? = 1
configure:2702: checking whether the C compiler works
configure:2724: gcc    conftest.c  >&5
configure:2728: $? = 0
configure:2776: result: yes
configure:2779: checking for C compiler default output file name
configure:2781: result: a.out
configure:2787: checking for suffix of executables
configure:2794: gcc -o conftest    conftest.c  >&5
configure:2798: $? = 0
configure:2820: result: 
configure:2842: checking whether we are cross compiling
configure:2850: gcc -o conftest    conftest.c  >&5
configure:2854: $? = 0
configure:2861: ./conftest
configure:2865: $? = 0
configure:2880: result: no
configure:2885: checking for suffix of object files
configure:2907: gcc -c   conftest.c >&5
configure:2911: $? = 0
configure:2932: result: o
configure:2936: checking whether we are using the GNU C compiler
configure:2955: gcc -c   conftest.c >&5
configure:2955: $? = 0
configure:2964: result: yes
configure:2973: checking whether gcc accepts -g
configure:2993: gcc -c -g  conftest.c >&5
configure:2993: $? = 0
configure:3034: result: yes
configure:3051: checking for gcc option to accept ISO C89
configure:3114: gcc  -c -g -O2  conftest.c >&5
configure:3114: $? = 0
configure:3127: result: none needed
configure:3152: checking whether gcc understands -c and -o together
configure:3174: gcc -c conftest.c -o conftest2.o
configure:3177: $? = 0
configure:3174: gcc -c conftest.c -o conftest2.o
configure:3177: $? = 0
configure:3189: result: yes
configure:3212: checking how to run the C preprocessor
configure:3243: gcc -E  conftest.c
configure:3243: $? = 0
configure:3257: gcc -E  conftest.c
conftest.c:9:10: fatal error: 'ac_nonexistent.h' file not found
#include <ac_nonexistent.h>
         ^~~~~~~~~~~~~~~~~~
1 error generated.
configure:3257: $? = 1
configure: failed program was:
| /* confdefs.h */
| #define PACKAGE_NAME "GNU Awk Bundled Extensions"
| #define PACKAGE_TARNAME "gawk-extensions"
| #define PACKAGE_VERSION "4.2.0"
| #define PACKAGE_STRING "GNU Awk Bundled Extensions 4.2.0"
| #define PACKAGE_BUGREPORT "bug-gawk@gnu.org"
| #define PACKAGE_URL "http://www.gnu.org/software/gawk-extensions/"
| /* end confdefs.h.  */
| #include <ac_nonexistent.h>
configure:3282: result: gcc -E
configure:3302: gcc -E  conftest.c
configure:3302: $? = 0
configure:3316: gcc -E  conftest.c
conftest.c:9:10: fatal error: 'ac_nonexistent.h' file not found
#include <ac_nonexistent.h>
         ^~~~~~~~~~~~~~~~~~
1 error generated.
configure:3316: $? = 1
configure: failed program was:
| /* confdefs.h */
| #define PACKAGE_NAME "GNU Awk Bundled Extensions"
| #define PACKAGE_TARNAME "gawk-extensions"
| #define PACKAGE_VERSION "4.2.0"
| #define PACKAGE_STRING "GNU Awk Bundled Extensions 4.2.0"
| #define PACKAGE_BUGREPORT "bug-gawk@gnu.org"
| #define PACKAGE_URL "http://www.gnu.org/software/gawk-extensions/"
| /* end confdefs.h.  */
| #include <ac_nonexistent.h>
configure:3345: checking for grep that handles long lines and -e
configure:3403: result: /usr/local/bin/ggrep
configure:3408: checking for egrep
configure:3470: result: /usr/local/bin/ggrep -E
configure:3475: checking for ANSI C header files
configure:3495: gcc -c -g -O2  conftest.c >&5
configure:3495: $? = 0
configure:3568: gcc -o conftest -g -O2   conftest.c  >&5
configure:3568: $? = 0
configure:3568: ./conftest
configure:3568: $? = 0
configure:3579: result: yes
configure:3592: checking for sys/types.h
configure:3592: gcc -c -g -O2  conftest.c >&5
configure:3592: $? = 0
configure:3592: result: yes
configure:3592: checking for sys/stat.h
configure:3592: gcc -c -g -O2  conftest.c >&5
configure:3592: $? = 0
configure:3592: result: yes
configure:3592: checking for stdlib.h
configure:3592: gcc -c -g -O2  conftest.c >&5
configure:3592: $? = 0
configure:3592: result: yes
configure:3592: checking for string.h
configure:3592: gcc -c -g -O2  conftest.c >&5
configure:3592: $? = 0
configure:3592: result: yes
configure:3592: checking for memory.h
configure:3592: gcc -c -g -O2  conftest.c >&5
configure:3592: $? = 0
configure:3592: result: yes
configure:3592: checking for strings.h
configure:3592: gcc -c -g -O2  conftest.c >&5
configure:3592: $? = 0
configure:3592: result: yes
configure:3592: checking for inttypes.h
configure:3592: gcc -c -g -O2  conftest.c >&5
configure:3592: $? = 0
configure:3592: result: yes
configure:3592: checking for stdint.h
configure:3592: gcc -c -g -O2  conftest.c >&5
configure:3592: $? = 0
configure:3592: result: yes
configure:3592: checking for unistd.h
configure:3592: gcc -c -g -O2  conftest.c >&5
configure:3592: $? = 0
configure:3592: result: yes
configure:3605: checking minix/config.h usability
configure:3605: gcc -c -g -O2  conftest.c >&5
conftest.c:52:10: fatal error: 'minix/config.h' file not found
#include <minix/config.h>
         ^~~~~~~~~~~~~~~~
1 error generated.
configure:3605: $? = 1
configure: failed program was:
| /* confdefs.h */
| #define PACKAGE_NAME "GNU Awk Bundled Extensions"
| #define PACKAGE_TARNAME "gawk-extensions"
| #define PACKAGE_VERSION "4.2.0"
| #define PACKAGE_STRING "GNU Awk Bundled Extensions 4.2.0"
| #define PACKAGE_BUGREPORT "bug-gawk@gnu.org"
| #define PACKAGE_URL "http://www.gnu.org/software/gawk-extensions/"
| #define STDC_HEADERS 1
| #define HAVE_SYS_TYPES_H 1
| #define HAVE_SYS_STAT_H 1
| #define HAVE_STDLIB_H 1
| #define HAVE_STRING_H 1
| #define HAVE_MEMORY_H 1
| #define HAVE_STRINGS_H 1
| #define HAVE_INTTYPES_H 1
| #define HAVE_STDINT_H 1
| #define HAVE_UNISTD_H 1
| /* end confdefs.h.  */
| #include <stdio.h>
| #ifdef HAVE_SYS_TYPES_H
| # include <sys/types.h>
| #endif
| #ifdef HAVE_SYS_STAT_H
| # include <sys/stat.h>
| #endif
| #ifdef STDC_HEADERS
| # include <stdlib.h>
| # include <stddef.h>
| #else
| # ifdef HAVE_STDLIB_H
| #  include <stdlib.h>
| # endif
| #endif
| #ifdef HAVE_STRING_H
| # if !defined STDC_HEADERS && defined HAVE_MEMORY_H
| #  include <memory.h>
| # endif
| # include <string.h>
| #endif
| #ifdef HAVE_STRINGS_H
| # include <strings.h>
| #endif
| #ifdef HAVE_INTTYPES_H
| # include <inttypes.h>
| #endif
| #ifdef HAVE_STDINT_H
| # include <stdint.h>
| #endif
| #ifdef HAVE_UNISTD_H
| # include <unistd.h>
| #endif
| #include <minix/config.h>
configure:3605: result: no
configure:3605: checking minix/config.h presence
configure:3605: gcc -E  conftest.c
conftest.c:19:10: fatal error: 'minix/config.h' file not found
#include <minix/config.h>
         ^~~~~~~~~~~~~~~~
1 error generated.
configure:3605: $? = 1
configure: failed program was:
| /* confdefs.h */
| #define PACKAGE_NAME "GNU Awk Bundled Extensions"
| #define PACKAGE_TARNAME "gawk-extensions"
| #define PACKAGE_VERSION "4.2.0"
| #define PACKAGE_STRING "GNU Awk Bundled Extensions 4.2.0"
| #define PACKAGE_BUGREPORT "bug-gawk@gnu.org"
| #define PACKAGE_URL "http://www.gnu.org/software/gawk-extensions/"
| #define STDC_HEADERS 1
| #define HAVE_SYS_TYPES_H 1
| #define HAVE_SYS_STAT_H 1
| #define HAVE_STDLIB_H 1
| #define HAVE_STRING_H 1
| #define HAVE_MEMORY_H 1
| #define HAVE_STRINGS_H 1
| #define HAVE_INTTYPES_H 1
| #define HAVE_STDINT_H 1
| #define HAVE_UNISTD_H 1
| /* end confdefs.h.  */
| #include <minix/config.h>
configure:3605: result: no
configure:3605: checking for minix/config.h
configure:3605: result: no
configure:3626: checking whether it is safe to define __EXTENSIONS__
configure:3644: gcc -c -g -O2  conftest.c >&5
configure:3644: $? = 0
configure:3651: result: yes
configure:3666: checking for z/OS USS compilation
configure:3680: result: no
configure:3778: checking for a BSD-compatible install
configure:3846: result: build-aux/install-sh -c
configure:3857: checking whether build environment is sane
configure:3912: result: yes
configure:4060: checking for a thread-safe mkdir -p
configure:4099: result: /usr/local/bin/gmkdir -p
configure:4106: checking for gawk
configure:4136: result: no
configure:4106: checking for mawk
configure:4136: result: no
configure:4106: checking for nawk
configure:4136: result: no
configure:4106: checking for awk
configure:4122: found /usr/bin/awk
configure:4133: result: awk
configure:4144: checking whether make sets $(MAKE)
configure:4166: result: yes
configure:4196: checking for style of include used by make
configure:4224: result: GNU
configure:4258: checking whether make supports nested variables
configure:4275: result: yes
configure:4360: checking dependency style of gcc
configure:4471: result: gcc3
configure:4530: checking for struct stat.st_blksize
configure:4530: gcc -c -g -O2  conftest.c >&5
configure:4530: $? = 0
configure:4530: result: yes
configure:4590: checking for ar
configure:4606: found /usr/bin/ar
configure:4617: result: ar
configure:4643: checking the archiver (ar) interface
configure:4659: gcc -c -g -O2  conftest.c >&5
configure:4659: $? = 0
configure:4661: ar cru libconftest.a conftest.o >&5
configure:4664: $? = 0
configure:4692: result: ar
configure:4719: checking for special C compiler options needed for large files
configure:4764: result: no
configure:4770: checking for _FILE_OFFSET_BITS value needed for large files
configure:4795: gcc -c -g -O2  conftest.c >&5
configure:4795: $? = 0
configure:4827: result: no
configure:4972: checking build system type
configure:4986: result: x86_64-apple-darwin18.0.0
configure:5006: checking host system type
configure:5019: result: x86_64-apple-darwin18.0.0
configure:5060: checking how to print strings
configure:5087: result: printf
configure:5108: checking for a sed that does not truncate output
configure:5172: result: /usr/bin/sed
configure:5190: checking for fgrep
configure:5252: result: /usr/local/bin/ggrep -F
configure:5287: checking for ld used by gcc
configure:5354: result: /Library/Developer/CommandLineTools/usr/bin/ld
configure:5361: checking if the linker (/Library/Developer/CommandLineTools/usr/bin/ld) is GNU ld
configure:5376: result: no
configure:5388: checking for BSD- or MS-compatible name lister (nm)
configure:5442: result: /usr/bin/nm -B
configure:5572: checking the name lister (/usr/bin/nm -B) interface
configure:5579: gcc -c -g -O2  conftest.c >&5
configure:5582: /usr/bin/nm -B "conftest.o"
configure:5585: output
0000000000000208 S _some_variable
configure:5592: result: BSD nm
configure:5595: checking whether ln -s works
configure:5599: result: yes
configure:5607: checking the maximum length of command line arguments
configure:5738: result: 196608
configure:5786: checking how to convert x86_64-apple-darwin18.0.0 file names to x86_64-apple-darwin18.0.0 format
configure:5826: result: func_convert_file_noop
configure:5833: checking how to convert x86_64-apple-darwin18.0.0 file names to toolchain format
configure:5853: result: func_convert_file_noop
configure:5860: checking for /Library/Developer/CommandLineTools/usr/bin/ld option to reload object files
configure:5867: result: -r
configure:5941: checking for objdump
configure:5957: found /usr/bin/objdump
configure:5968: result: objdump
configure:6000: checking how to recognize dependent libraries
configure:6200: result: pass_all
configure:6285: checking for dlltool
configure:6315: result: no
configure:6345: checking how to associate runtime and link libraries
configure:6372: result: printf %s\n
configure:6496: checking for archiver @FILE support
configure:6513: gcc -c -g -O2  conftest.c >&5
configure:6513: $? = 0
configure:6516: ar cru libconftest.a @conftest.lst >&5
ar: @conftest.lst: No such file or directory
configure:6519: $? = 1
configure:6539: result: no
configure:6597: checking for strip
configure:6613: found /usr/bin/strip
configure:6624: result: strip
configure:6696: checking for ranlib
configure:6712: found /usr/bin/ranlib
configure:6723: result: ranlib
configure:6825: checking command to parse /usr/bin/nm -B output from gcc object
configure:6978: gcc -c -g -O2  conftest.c >&5
configure:6981: $? = 0
configure:6985: /usr/bin/nm -B conftest.o \| sed -n -e 's/^.*[ ]\([BCDEGRST][BCDEGRST]*\)[ ][ ]*\([_A-Za-z][_A-Za-z0-9]*\)$/\1 \2 \2/p' | sed '/ __gnu_lto/d' \> conftest.nm
configure:6988: $? = 0
cannot find nm_test_var in conftest.nm
configure:6978: gcc -c -g -O2  conftest.c >&5
configure:6981: $? = 0
configure:6985: /usr/bin/nm -B conftest.o \| sed -n -e 's/^.*[ ]\([BCDEGRST][BCDEGRST]*\)[ ][ ]*_\([_A-Za-z][_A-Za-z0-9]*\)$/\1 _\2 \2/p' | sed '/ __gnu_lto/d' \> conftest.nm
configure:6988: $? = 0
configure:7054: gcc -o conftest -g -O2   conftest.c conftstm.o >&5
warning: (x86_64)  could not find object file symbol for symbol _main
configure:7057: $? = 0
configure:7095: result: ok
configure:7142: checking for sysroot
configure:7172: result: no
configure:7179: checking for a working dd
configure:7217: result: /bin/dd
configure:7221: checking how to truncate binary pipes
configure:7236: result: /bin/dd bs=4096 count=1
configure:7565: checking for mt
configure:7595: result: no
configure:7615: checking if : is a manifest tool
configure:7621: : '-?'
configure:7629: result: no
configure:7685: checking for dsymutil
configure:7701: found /usr/bin/dsymutil
configure:7712: result: dsymutil
configure:7777: checking for nmedit
configure:7793: found /usr/bin/nmedit
configure:7804: result: nmedit
configure:7869: checking for lipo
configure:7885: found /usr/bin/lipo
configure:7896: result: lipo
configure:7961: checking for otool
configure:7977: found /usr/bin/otool
configure:7988: result: otool
configure:8053: checking for otool64
configure:8083: result: no
configure:8128: checking for -single_module linker flag
gcc -g -O2  -o libconftest.dylib -dynamiclib -Wl,-single_module conftest.c
configure:8161: result: yes
configure:8164: checking for -exported_symbols_list linker flag
configure:8184: gcc -o conftest -g -O2   -Wl,-exported_symbols_list,conftest.sym conftest.c  >&5
configure:8184: $? = 0
configure:8194: result: yes
configure:8197: checking for -force_load linker flag
gcc -g -O2 -c -o conftest.o conftest.c
ar cru libconftest.a conftest.o
ranlib libconftest.a
gcc -g -O2  -o conftest conftest.c -Wl,-force_load,./libconftest.a
configure:8229: result: yes
configure:8303: checking for dlfcn.h
configure:8303: gcc -c -g -O2  conftest.c >&5
configure:8303: $? = 0
configure:8303: result: yes
configure:8529: checking for objdir
configure:8544: result: .libs
configure:8808: checking if gcc supports -fno-rtti -fno-exceptions
configure:8826: gcc -c -g -O2  -fno-rtti -fno-exceptions conftest.c >&5
configure:8830: $? = 0
configure:8843: result: yes
configure:9201: checking for gcc option to produce PIC
configure:9208: result: -fno-common -DPIC
configure:9216: checking if gcc PIC flag -fno-common -DPIC works
configure:9234: gcc -c -g -O2  -fno-common -DPIC -DPIC conftest.c >&5
configure:9238: $? = 0
configure:9251: result: yes
configure:9280: checking if gcc static flag -static works
configure:9308: result: no
configure:9323: checking if gcc supports -c -o file.o
configure:9344: gcc -c -g -O2  -o out/conftest2.o conftest.c >&5
configure:9348: $? = 0
configure:9370: result: yes
configure:9378: checking if gcc supports -c -o file.o
configure:9425: result: yes
configure:9458: checking whether the gcc linker (/Library/Developer/CommandLineTools/usr/bin/ld) supports shared libraries
configure:10717: result: yes
configure:10957: checking dynamic linker characteristics
configure:11775: result: darwin18.0.0 dyld
configure:11897: checking how to hardcode library paths into programs
configure:11922: result: immediate
configure:12470: checking whether stripping libraries is possible
configure:12484: result: yes
configure:12510: checking if libtool supports shared libraries
configure:12512: result: yes
configure:12515: checking whether to build shared libraries
configure:12540: result: yes
configure:12543: checking whether to build static libraries
configure:12547: result: no
configure:12593: checking for special development options
configure:12604: result: no
configure:12611: checking fnmatch.h usability
configure:12611: gcc -c -g -O2 -Wall  conftest.c >&5
configure:12611: $? = 0
configure:12611: result: yes
configure:12611: checking fnmatch.h presence
configure:12611: gcc -E  conftest.c
configure:12611: $? = 0
configure:12611: result: yes
configure:12611: checking for fnmatch.h
configure:12611: result: yes
configure:12611: checking limits.h usability
configure:12611: gcc -c -g -O2 -Wall  conftest.c >&5
configure:12611: $? = 0
configure:12611: result: yes
configure:12611: checking limits.h presence
configure:12611: gcc -E  conftest.c
configure:12611: $? = 0
configure:12611: result: yes
configure:12611: checking for limits.h
configure:12611: result: yes
configure:12611: checking sys/time.h usability
configure:12611: gcc -c -g -O2 -Wall  conftest.c >&5
configure:12611: $? = 0
configure:12611: result: yes
configure:12611: checking sys/time.h presence
configure:12611: gcc -E  conftest.c
configure:12611: $? = 0
configure:12611: result: yes
configure:12611: checking for sys/time.h
configure:12611: result: yes
configure:12611: checking sys/select.h usability
configure:12611: gcc -c -g -O2 -Wall  conftest.c >&5
configure:12611: $? = 0
configure:12611: result: yes
configure:12611: checking sys/select.h presence
configure:12611: gcc -E  conftest.c
configure:12611: $? = 0
configure:12611: result: yes
configure:12611: checking for sys/select.h
configure:12611: result: yes
configure:12611: checking sys/param.h usability
configure:12611: gcc -c -g -O2 -Wall  conftest.c >&5
configure:12611: $? = 0
configure:12611: result: yes
configure:12611: checking sys/param.h presence
configure:12611: gcc -E  conftest.c
configure:12611: $? = 0
configure:12611: result: yes
configure:12611: checking for sys/param.h
configure:12611: result: yes
configure:12611: checking sys/statvfs.h usability
configure:12611: gcc -c -g -O2 -Wall  conftest.c >&5
configure:12611: $? = 0
configure:12611: result: yes
configure:12611: checking sys/statvfs.h presence
configure:12611: gcc -E  conftest.c
configure:12611: $? = 0
configure:12611: result: yes
configure:12611: checking for sys/statvfs.h
configure:12611: result: yes
configure:12624: checking for dirent.h that defines DIR
configure:12643: gcc -c -g -O2 -Wall  conftest.c >&5
configure:12643: $? = 0
configure:12651: result: yes
configure:12664: checking for library containing opendir
configure:12695: gcc -o conftest -g -O2 -Wall   conftest.c  >&5
configure:12695: $? = 0
configure:12712: result: none required
configure:12779: checking whether sys/types.h defines makedev
configure:12795: gcc -o conftest -g -O2 -Wall   conftest.c  >&5
configure:12795: $? = 0
configure:12804: result: yes
configure:12829: checking whether time.h and sys/time.h may both be included
configure:12849: gcc -c -g -O2 -Wall  conftest.c >&5
configure:12849: $? = 0
configure:12856: result: yes
configure:12889: checking whether mpfr via "-lmpfr -lgmp" is present and usable
configure:12916: gcc -o conftest -g -O2 -Wall   conftest.c  -lmpfr -lgmp >&5
configure:12916: $? = 0
configure:12924: result: yes
configure:12950: checking for fdopendir
configure:12950: gcc -o conftest -g -O2 -Wall   conftest.c  >&5
configure:12950: $? = 0
configure:12950: result: yes
configure:12950: checking for fmod
configure:12950: gcc -o conftest -g -O2 -Wall   conftest.c  >&5
conftest.c:62:6: warning: incompatible redeclaration of library function 'fmod' [-Wincompatible-library-redeclaration]
char fmod ();
     ^
conftest.c:62:6: note: 'fmod' is a builtin with type 'double (double, double)'
1 warning generated.
configure:12950: $? = 0
configure:12950: result: yes
configure:12950: checking for fnmatch
configure:12950: gcc -o conftest -g -O2 -Wall   conftest.c  >&5
configure:12950: $? = 0
configure:12950: result: yes
configure:12950: checking for getdtablesize
configure:12950: gcc -o conftest -g -O2 -Wall   conftest.c  >&5
configure:12950: $? = 0
configure:12950: result: yes
configure:12950: checking for gettimeofday
configure:12950: gcc -o conftest -g -O2 -Wall   conftest.c  >&5
configure:12950: $? = 0
configure:12950: result: yes
configure:12950: checking for nanosleep
configure:12950: gcc -o conftest -g -O2 -Wall   conftest.c  >&5
configure:12950: $? = 0
configure:12950: result: yes
configure:12950: checking for select
configure:12950: gcc -o conftest -g -O2 -Wall   conftest.c  >&5
configure:12950: $? = 0
configure:12950: result: yes
configure:12950: checking for statvfs
configure:12950: gcc -o conftest -g -O2 -Wall   conftest.c  >&5
configure:12950: $? = 0
configure:12950: result: yes
configure:12950: checking for GetSystemTimeAsFileTime
configure:12950: gcc -o conftest -g -O2 -Wall   conftest.c  >&5
Undefined symbols for architecture x86_64:
  "_GetSystemTimeAsFileTime", referenced from:
      _main in conftest-e6894b.o
ld: symbol(s) not found for architecture x86_64
clang: error: linker command failed with exit code 1 (use -v to see invocation)
configure:12950: $? = 1
configure: failed program was:
| /* confdefs.h */
| #define PACKAGE_NAME "GNU Awk Bundled Extensions"
| #define PACKAGE_TARNAME "gawk-extensions"
| #define PACKAGE_VERSION "4.2.0"
| #define PACKAGE_STRING "GNU Awk Bundled Extensions 4.2.0"
| #define PACKAGE_BUGREPORT "bug-gawk@gnu.org"
| #define PACKAGE_URL "http://www.gnu.org/software/gawk-extensions/"
| #define STDC_HEADERS 1
| #define HAVE_SYS_TYPES_H 1
| #define HAVE_SYS_STAT_H 1
| #define HAVE_STDLIB_H 1
| #define HAVE_STRING_H 1
| #define HAVE_MEMORY_H 1
| #define HAVE_STRINGS_H 1
| #define HAVE_INTTYPES_H 1
| #define HAVE_STDINT_H 1
| #define HAVE_UNISTD_H 1
| #define __EXTENSIONS__ 1
| #define _ALL_SOURCE 1
| #define _GNU_SOURCE 1
| #define _POSIX_PTHREAD_SEMANTICS 1
| #define _TANDEM_SOURCE 1
| #define PACKAGE "gawk-extensions"
| #define VERSION "4.2.0"
| #define HAVE_STRUCT_STAT_ST_BLKSIZE 1
| #define HAVE_DLFCN_H 1
| #define LT_OBJDIR ".libs/"
| #define HAVE_FNMATCH_H 1
| #define HAVE_LIMITS_H 1
| #define HAVE_SYS_TIME_H 1
| #define HAVE_SYS_SELECT_H 1
| #define HAVE_SYS_PARAM_H 1
| #define HAVE_SYS_STATVFS_H 1
| #define HAVE_DIRENT_H 1
| #define TIME_WITH_SYS_TIME 1
| #define HAVE_MPFR 1
| #define HAVE_FDOPENDIR 1
| #define HAVE_FMOD 1
| #define HAVE_FNMATCH 1
| #define HAVE_GETDTABLESIZE 1
| #define HAVE_GETTIMEOFDAY 1
| #define HAVE_NANOSLEEP 1
| #define HAVE_SELECT 1
| #define HAVE_STATVFS 1
| /* end confdefs.h.  */
| /* Define GetSystemTimeAsFileTime to an innocuous variant, in case <limits.h> declares GetSystemTimeAsFileTime.
|    For example, HP-UX 11i <limits.h> declares gettimeofday.  */
| #define GetSystemTimeAsFileTime innocuous_GetSystemTimeAsFileTime
| 
| /* System header to define __stub macros and hopefully few prototypes,
|     which can conflict with char GetSystemTimeAsFileTime (); below.
|     Prefer <limits.h> to <assert.h> if __STDC__ is defined, since
|     <limits.h> exists even on freestanding compilers.  */
| 
| #ifdef __STDC__
| # include <limits.h>
| #else
| # include <assert.h>
| #endif
| 
| #undef GetSystemTimeAsFileTime
| 
| /* Override any GCC internal prototype to avoid an error.
|    Use char because int might match the return type of a GCC
|    builtin and then its argument prototype would still apply.  */
| #ifdef __cplusplus
| extern "C"
| #endif
| char GetSystemTimeAsFileTime ();
| /* The GNU C library defines this for functions which it implements
|     to always fail with ENOSYS.  Some functions are actually named
|     something starting with __ and the normal name is an alias.  */
| #if defined __stub_GetSystemTimeAsFileTime || defined __stub___GetSystemTimeAsFileTime
| choke me
| #endif
| 
| int
| main ()
| {
| return GetSystemTimeAsFileTime ();
|   ;
|   return 0;
| }
configure:12950: result: no
configure:12966: checking for dirfd
configure:12966: gcc -o conftest -g -O2 -Wall   conftest.c  >&5
configure:12966: $? = 0
configure:12966: result: yes
configure:12975: checking whether dirfd is declared
configure:12975: gcc -c -g -O2 -Wall  conftest.c >&5
configure:12975: $? = 0
configure:12975: result: yes
configure:12992: checking whether dirfd is a macro
configure:13015: result: no
configure:13027: checking how to get the file descriptor associated with an open DIR*
configure:13050: gcc -c -g -O2 -Wall -DDIR_FD_MEMBER_NAME=d_fd  conftest.c >&5
conftest.c:54:42: error: no member named 'd_fd' in 'DIR'
DIR *dir_p = opendir("."); (void) dir_p->DIR_FD_MEMBER_NAME;
                                  ~~~~~  ^
<command line>:1:28: note: expanded from here
#define DIR_FD_MEMBER_NAME d_fd
                           ^
1 error generated.
configure:13050: $? = 1
configure: failed program was:
| /* confdefs.h */
| #define PACKAGE_NAME "GNU Awk Bundled Extensions"
| #define PACKAGE_TARNAME "gawk-extensions"
| #define PACKAGE_VERSION "4.2.0"
| #define PACKAGE_STRING "GNU Awk Bundled Extensions 4.2.0"
| #define PACKAGE_BUGREPORT "bug-gawk@gnu.org"
| #define PACKAGE_URL "http://www.gnu.org/software/gawk-extensions/"
| #define STDC_HEADERS 1
| #define HAVE_SYS_TYPES_H 1
| #define HAVE_SYS_STAT_H 1
| #define HAVE_STDLIB_H 1
| #define HAVE_STRING_H 1
| #define HAVE_MEMORY_H 1
| #define HAVE_STRINGS_H 1
| #define HAVE_INTTYPES_H 1
| #define HAVE_STDINT_H 1
| #define HAVE_UNISTD_H 1
| #define __EXTENSIONS__ 1
| #define _ALL_SOURCE 1
| #define _GNU_SOURCE 1
| #define _POSIX_PTHREAD_SEMANTICS 1
| #define _TANDEM_SOURCE 1
| #define PACKAGE "gawk-extensions"
| #define VERSION "4.2.0"
| #define HAVE_STRUCT_STAT_ST_BLKSIZE 1
| #define HAVE_DLFCN_H 1
| #define LT_OBJDIR ".libs/"
| #define HAVE_FNMATCH_H 1
| #define HAVE_LIMITS_H 1
| #define HAVE_SYS_TIME_H 1
| #define HAVE_SYS_SELECT_H 1
| #define HAVE_SYS_PARAM_H 1
| #define HAVE_SYS_STATVFS_H 1
| #define HAVE_DIRENT_H 1
| #define TIME_WITH_SYS_TIME 1
| #define HAVE_MPFR 1
| #define HAVE_FDOPENDIR 1
| #define HAVE_FMOD 1
| #define HAVE_FNMATCH 1
| #define HAVE_GETDTABLESIZE 1
| #define HAVE_GETTIMEOFDAY 1
| #define HAVE_NANOSLEEP 1
| #define HAVE_SELECT 1
| #define HAVE_STATVFS 1
| #define HAVE_DIRFD 1
| #define HAVE_DECL_DIRFD 1
| /* end confdefs.h.  */
| 
|            #include <sys/types.h>
|            #include <dirent.h>
| int
| main ()
| {
| DIR *dir_p = opendir("."); (void) dir_p->DIR_FD_MEMBER_NAME;
|   ;
|   return 0;
| }
configure:13050: gcc -c -g -O2 -Wall -DDIR_FD_MEMBER_NAME=dd_fd  conftest.c >&5
conftest.c:54:42: error: no member named 'dd_fd' in 'DIR'
DIR *dir_p = opendir("."); (void) dir_p->DIR_FD_MEMBER_NAME;
                                  ~~~~~  ^
<command line>:1:28: note: expanded from here
#define DIR_FD_MEMBER_NAME dd_fd
                           ^
1 error generated.
configure:13050: $? = 1
configure: failed program was:
| /* confdefs.h */
| #define PACKAGE_NAME "GNU Awk Bundled Extensions"
| #define PACKAGE_TARNAME "gawk-extensions"
| #define PACKAGE_VERSION "4.2.0"
| #define PACKAGE_STRING "GNU Awk Bundled Extensions 4.2.0"
| #define PACKAGE_BUGREPORT "bug-gawk@gnu.org"
| #define PACKAGE_URL "http://www.gnu.org/software/gawk-extensions/"
| #define STDC_HEADERS 1
| #define HAVE_SYS_TYPES_H 1
| #define HAVE_SYS_STAT_H 1
| #define HAVE_STDLIB_H 1
| #define HAVE_STRING_H 1
| #define HAVE_MEMORY_H 1
| #define HAVE_STRINGS_H 1
| #define HAVE_INTTYPES_H 1
| #define HAVE_STDINT_H 1
| #define HAVE_UNISTD_H 1
| #define __EXTENSIONS__ 1
| #define _ALL_SOURCE 1
| #define _GNU_SOURCE 1
| #define _POSIX_PTHREAD_SEMANTICS 1
| #define _TANDEM_SOURCE 1
| #define PACKAGE "gawk-extensions"
| #define VERSION "4.2.0"
| #define HAVE_STRUCT_STAT_ST_BLKSIZE 1
| #define HAVE_DLFCN_H 1
| #define LT_OBJDIR ".libs/"
| #define HAVE_FNMATCH_H 1
| #define HAVE_LIMITS_H 1
| #define HAVE_SYS_TIME_H 1
| #define HAVE_SYS_SELECT_H 1
| #define HAVE_SYS_PARAM_H 1
| #define HAVE_SYS_STATVFS_H 1
| #define HAVE_DIRENT_H 1
| #define TIME_WITH_SYS_TIME 1
| #define HAVE_MPFR 1
| #define HAVE_FDOPENDIR 1
| #define HAVE_FMOD 1
| #define HAVE_FNMATCH 1
| #define HAVE_GETDTABLESIZE 1
| #define HAVE_GETTIMEOFDAY 1
| #define HAVE_NANOSLEEP 1
| #define HAVE_SELECT 1
| #define HAVE_STATVFS 1
| #define HAVE_DIRFD 1
| #define HAVE_DECL_DIRFD 1
| /* end confdefs.h.  */
| 
|            #include <sys/types.h>
|            #include <dirent.h>
| int
| main ()
| {
| DIR *dir_p = opendir("."); (void) dir_p->DIR_FD_MEMBER_NAME;
|   ;
|   return 0;
| }
configure:13064: result: no_such_member
configure:13076: checking for inline
configure:13092: gcc -c -g -O2 -Wall  conftest.c >&5
conftest.c:50:21: warning: unused function 'static_foo' [-Wunused-function]
static inline foo_t static_foo () {return 0; }
                    ^
1 warning generated.
configure:13092: $? = 0
configure:13100: result: inline
configure:13234: checking that generated files are newer than configure
configure:13240: result: done
configure:13263: creating ./config.status

## ---------------------- ##
## Running config.status. ##
## ---------------------- ##

This file was extended by GNU Awk Bundled Extensions config.status 4.2.0, which was
generated by GNU Autoconf 2.69.  Invocation command line was

  CONFIG_FILES    = 
  CONFIG_HEADERS  = 
  CONFIG_LINKS    = 
  CONFIG_COMMANDS = 
  $ ./config.status 

on Eriks-MBP.lan

config.status:1109: creating Makefile
config.status:1109: creating config.h
config.status:1338: executing depfiles commands
config.status:1338: executing libtool commands

## ---------------- ##
## Cache variables. ##
## ---------------- ##

ac_cv_build=x86_64-apple-darwin18.0.0
ac_cv_c_compiler_gnu=yes
ac_cv_c_inline=inline
ac_cv_env_CC_set=
ac_cv_env_CC_value=
ac_cv_env_CFLAGS_set=
ac_cv_env_CFLAGS_value=
ac_cv_env_CPPFLAGS_set=
ac_cv_env_CPPFLAGS_value=
ac_cv_env_CPP_set=
ac_cv_env_CPP_value=
ac_cv_env_LDFLAGS_set=
ac_cv_env_LDFLAGS_value=
ac_cv_env_LIBS_set=
ac_cv_env_LIBS_value=
ac_cv_env_LT_SYS_LIBRARY_PATH_set=
ac_cv_env_LT_SYS_LIBRARY_PATH_value=
ac_cv_env_build_alias_set=
ac_cv_env_build_alias_value=
ac_cv_env_host_alias_set=
ac_cv_env_host_alias_value=
ac_cv_env_target_alias_set=
ac_cv_env_target_alias_value=
ac_cv_func_GetSystemTimeAsFileTime=no
ac_cv_func_dirfd=yes
ac_cv_func_fdopendir=yes
ac_cv_func_fmod=yes
ac_cv_func_fnmatch=yes
ac_cv_func_getdtablesize=yes
ac_cv_func_gettimeofday=yes
ac_cv_func_nanosleep=yes
ac_cv_func_select=yes
ac_cv_func_statvfs=yes
ac_cv_have_decl_dirfd=yes
ac_cv_header_dirent_dirent_h=yes
ac_cv_header_dlfcn_h=yes
ac_cv_header_fnmatch_h=yes
ac_cv_header_inttypes_h=yes
ac_cv_header_limits_h=yes
ac_cv_header_memory_h=yes
ac_cv_header_minix_config_h=no
ac_cv_header_stdc=yes
ac_cv_header_stdint_h=yes
ac_cv_header_stdlib_h=yes
ac_cv_header_string_h=yes
ac_cv_header_strings_h=yes
ac_cv_header_sys_param_h=yes
ac_cv_header_sys_select_h=yes
ac_cv_header_sys_stat_h=yes
ac_cv_header_sys_statvfs_h=yes
ac_cv_header_sys_time_h=yes
ac_cv_header_sys_types_h=yes
ac_cv_header_sys_types_h_makedev=yes
ac_cv_header_time=yes
ac_cv_header_unistd_h=yes
ac_cv_host=x86_64-apple-darwin18.0.0
ac_cv_member_struct_stat_st_blksize=yes
ac_cv_objext=o
ac_cv_path_EGREP='/usr/local/bin/ggrep -E'
ac_cv_path_FGREP='/usr/local/bin/ggrep -F'
ac_cv_path_GREP=/usr/local/bin/ggrep
ac_cv_path_SED=/usr/bin/sed
ac_cv_path_lt_DD=/bin/dd
ac_cv_path_mkdir=/usr/local/bin/gmkdir
ac_cv_prog_AWK=awk
ac_cv_prog_CPP='gcc -E'
ac_cv_prog_ac_ct_AR=ar
ac_cv_prog_ac_ct_CC=gcc
ac_cv_prog_ac_ct_DSYMUTIL=dsymutil
ac_cv_prog_ac_ct_LIPO=lipo
ac_cv_prog_ac_ct_NMEDIT=nmedit
ac_cv_prog_ac_ct_OBJDUMP=objdump
ac_cv_prog_ac_ct_OTOOL=otool
ac_cv_prog_ac_ct_RANLIB=ranlib
ac_cv_prog_ac_ct_STRIP=strip
ac_cv_prog_cc_c89=
ac_cv_prog_cc_g=yes
ac_cv_prog_make_make_set=yes
ac_cv_safe_to_define___extensions__=yes
ac_cv_search_opendir='none required'
ac_cv_sys_file_offset_bits=no
ac_cv_sys_largefile_CC=no
ac_cv_zos_uss=no
am_cv_CC_dependencies_compiler_type=gcc3
am_cv_ar_interface=ar
am_cv_make_support_nested_variables=yes
am_cv_prog_cc_c_o=yes
gl_cv_func_dirfd_macro=no
gl_cv_sys_dir_fd_member_name=no_such_member
lt_cv_apple_cc_single_mod=yes
lt_cv_ar_at_file=no
lt_cv_deplibs_check_method=pass_all
lt_cv_file_magic_cmd='$MAGIC_CMD'
lt_cv_file_magic_test_file=
lt_cv_ld_exported_symbols_list=yes
lt_cv_ld_force_load=yes
lt_cv_ld_reload_flag=-r
lt_cv_nm_interface='BSD nm'
lt_cv_objdir=.libs
lt_cv_path_LD=/Library/Developer/CommandLineTools/usr/bin/ld
lt_cv_path_NM='/usr/bin/nm -B'
lt_cv_path_mainfest_tool=no
lt_cv_prog_compiler_c_o=yes
lt_cv_prog_compiler_pic='-fno-common -DPIC'
lt_cv_prog_compiler_pic_works=yes
lt_cv_prog_compiler_rtti_exceptions=yes
lt_cv_prog_compiler_static_works=no
lt_cv_prog_gnu_ld=no
lt_cv_sharedlib_from_linklib_cmd='printf %s\n'
lt_cv_sys_global_symbol_pipe='sed -n -e '\''s/^.*[	 ]\([BCDEGRST][BCDEGRST]*\)[	 ][	 ]*_\([_A-Za-z][_A-Za-z0-9]*\)$/\1 _\2 \2/p'\'' | sed '\''/ __gnu_lto/d'\'''
lt_cv_sys_global_symbol_to_c_name_address='sed -n -e '\''s/^: \(.*\) .*$/  {"\1", (void *) 0},/p'\'' -e '\''s/^[BCDEGRST][BCDEGRST]* .* \(.*\)$/  {"\1", (void *) \&\1},/p'\'''
lt_cv_sys_global_symbol_to_c_name_address_lib_prefix='sed -n -e '\''s/^: \(.*\) .*$/  {"\1", (void *) 0},/p'\'' -e '\''s/^[BCDEGRST][BCDEGRST]* .* \(lib.*\)$/  {"\1", (void *) \&\1},/p'\'' -e '\''s/^[BCDEGRST][BCDEGRST]* .* \(.*\)$/  {"lib\1", (void *) \&\1},/p'\'''
lt_cv_sys_global_symbol_to_cdecl='sed -n -e '\''s/^T .* \(.*\)$/extern int \1();/p'\'' -e '\''s/^[BCDEGRST][BCDEGRST]* .* \(.*\)$/extern char \1;/p'\'''
lt_cv_sys_global_symbol_to_import=
lt_cv_sys_max_cmd_len=196608
lt_cv_to_host_file_cmd=func_convert_file_noop
lt_cv_to_tool_file_cmd=func_convert_file_noop
lt_cv_truncate_bin='/bin/dd bs=4096 count=1'

## ----------------- ##
## Output variables. ##
## ----------------- ##

ACLOCAL='${SHELL} /Users/erikleffler1/Documents/Programming/lth-kurser/EDAF35/Malloc/gawk-4.2.0/extension/build-aux/missing aclocal-1.15'
AMDEPBACKSLASH='\'
AMDEP_FALSE='#'
AMDEP_TRUE=''
AMTAR='$${TAR-tar}'
AM_BACKSLASH='\'
AM_DEFAULT_V='$(AM_DEFAULT_VERBOSITY)'
AM_DEFAULT_VERBOSITY='1'
AM_V='$(V)'
AR='ar'
AUTOCONF='${SHELL} /Users/erikleffler1/Documents/Programming/lth-kurser/EDAF35/Malloc/gawk-4.2.0/extension/build-aux/missing autoconf'
AUTOHEADER='${SHELL} /Users/erikleffler1/Documents/Programming/lth-kurser/EDAF35/Malloc/gawk-4.2.0/extension/build-aux/missing autoheader'
AUTOMAKE='${SHELL} /Users/erikleffler1/Documents/Programming/lth-kurser/EDAF35/Malloc/gawk-4.2.0/extension/build-aux/missing automake-1.15'
AWK='awk'
CC='gcc'
CCDEPMODE='depmode=gcc3'
CFLAGS='-g -O2 -Wall'
CPP='gcc -E'
CPPFLAGS=''
CYGPATH_W='echo'
DEFS='-DHAVE_CONFIG_H'
DEPDIR='.deps'
DLLTOOL='false'
DSYMUTIL='dsymutil'
DUMPBIN=''
ECHO_C='\c'
ECHO_N=''
ECHO_T=''
EGREP='/usr/local/bin/ggrep -E'
EXEEXT=''
FGREP='/usr/local/bin/ggrep -F'
GREP='/usr/local/bin/ggrep'
INSTALL_DATA='${INSTALL} -m 644'
INSTALL_PROGRAM='${INSTALL}'
INSTALL_SCRIPT='${INSTALL}'
INSTALL_STRIP_PROGRAM='$(install_sh) -c -s'
LD='/Library/Developer/CommandLineTools/usr/bin/ld'
LDFLAGS=''
LIBMPFR='-lmpfr -lgmp'
LIBOBJS=''
LIBS=''
LIBTOOL='$(SHELL) $(top_builddir)/libtool'
LIPO='lipo'
LN_S='ln -s'
LTLIBOBJS=''
LT_SYS_LIBRARY_PATH=''
MAKEINFO='${SHELL} /Users/erikleffler1/Documents/Programming/lth-kurser/EDAF35/Malloc/gawk-4.2.0/extension/build-aux/missing makeinfo'
MANIFEST_TOOL=':'
MKDIR_P='/usr/local/bin/gmkdir -p'
NM='/usr/bin/nm -B'
NMEDIT='nmedit'
OBJDUMP='objdump'
OBJEXT='o'
OTOOL64=':'
OTOOL='otool'
PACKAGE='gawk-extensions'
PACKAGE_BUGREPORT='bug-gawk@gnu.org'
PACKAGE_NAME='GNU Awk Bundled Extensions'
PACKAGE_STRING='GNU Awk Bundled Extensions 4.2.0'
PACKAGE_TARNAME='gawk-extensions'
PACKAGE_URL='http://www.gnu.org/software/gawk-extensions/'
PACKAGE_VERSION='4.2.0'
PATH_SEPARATOR=':'
RANLIB='ranlib'
SED='/usr/bin/sed'
SET_MAKE=''
SHELL='/bin/sh'
STRIP='strip'
VERSION='4.2.0'
ac_ct_AR='ar'
ac_ct_CC='gcc'
ac_ct_DUMPBIN=''
am__EXEEXT_FALSE=''
am__EXEEXT_TRUE='#'
am__fastdepCC_FALSE='#'
am__fastdepCC_TRUE=''
am__include='include'
am__isrc=''
am__leading_dot='.'
am__nodep='_no'
am__quote=''
am__tar='$${TAR-tar} chof - "$$tardir"'
am__untar='$${TAR-tar} xf -'
bindir='${exec_prefix}/bin'
build='x86_64-apple-darwin18.0.0'
build_alias=''
build_cpu='x86_64'
build_os='darwin18.0.0'
build_vendor='apple'
datadir='${datarootdir}'
datarootdir='${prefix}/share'
docdir='${datarootdir}/doc/${PACKAGE_TARNAME}'
dvidir='${docdir}'
exec_prefix='${prefix}'
host='x86_64-apple-darwin18.0.0'
host_alias=''
host_cpu='x86_64'
host_os='darwin18.0.0'
host_vendor='apple'
htmldir='${docdir}'
includedir='${prefix}/include'
infodir='${datarootdir}/info'
install_sh='${SHELL} /Users/erikleffler1/Documents/Programming/lth-kurser/EDAF35/Malloc/gawk-4.2.0/extension/build-aux/install-sh'
libdir='${exec_prefix}/lib'
libexecdir='${exec_prefix}/libexec'
localedir='${datarootdir}/locale'
localstatedir='${prefix}/var'
mandir='${datarootdir}/man'
mkdir_p='$(MKDIR_P)'
oldincludedir='/usr/include'
pdfdir='${docdir}'
pkgextensiondir='${libdir}/gawk'
prefix='/usr/local'
program_transform_name='s,x,x,'
psdir='${docdir}'
sbindir='${exec_prefix}/sbin'
sharedstatedir='${prefix}/com'
sysconfdir='${prefix}/etc'
target_alias=''

## ----------- ##
## confdefs.h. ##
## ----------- ##

/* confdefs.h */
#define PACKAGE_NAME "GNU Awk Bundled Extensions"
#define PACKAGE_TARNAME "gawk-extensions"
#define PACKAGE_VERSION "4.2.0"
#define PACKAGE_STRING "GNU Awk Bundled Extensions 4.2.0"
#define PACKAGE_BUGREPORT "bug-gawk@gnu.org"
#define PACKAGE_URL "http://www.gnu.org/software/gawk-extensions/"
#define STDC_HEADERS 1
#define HAVE_SYS_TYPES_H 1
#define HAVE_SYS_STAT_H 1
#define HAVE_STDLIB_H 1
#define HAVE_STRING_H 1
#define HAVE_MEMORY_H 1
#define HAVE_STRINGS_H 1
#define HAVE_INTTYPES_H 1
#define HAVE_STDINT_H 1
#define HAVE_UNISTD_H 1
#define __EXTENSIONS__ 1
#define _ALL_SOURCE 1
#define _GNU_SOURCE 1
#define _POSIX_PTHREAD_SEMANTICS 1
#define _TANDEM_SOURCE 1
#define PACKAGE "gawk-extensions"
#define VERSION "4.2.0"
#define HAVE_STRUCT_STAT_ST_BLKSIZE 1
#define HAVE_DLFCN_H 1
#define LT_OBJDIR ".libs/"
#define HAVE_FNMATCH_H 1
#define HAVE_LIMITS_H 1
#define HAVE_SYS_TIME_H 1
#define HAVE_SYS_SELECT_H 1
#define HAVE_SYS_PARAM_H 1
#define HAVE_SYS_STATVFS_H 1
#define HAVE_DIRENT_H 1
#define TIME_WITH_SYS_TIME 1
#define HAVE_MPFR 1
#define HAVE_FDOPENDIR 1
#define HAVE_FMOD 1
#define HAVE_FNMATCH 1
#define HAVE_GETDTABLESIZE 1
#define HAVE_GETTIMEOFDAY 1
#define HAVE_NANOSLEEP 1
#define HAVE_SELECT 1
#define HAVE_STATVFS 1
#define HAVE_DIRFD 1
#define HAVE_DECL_DIRFD 1

configure: exit 0
